<?xml version="1.0" encoding="UTF-8"?>
<testng-results ignored="0" total="1" passed="1" failed="0" skipped="0">
  <reporter-output>
    <line>
      <![CDATA[homepage is not displayed ]]>
    </line>
  </reporter-output>
  <suite started-at="2024-08-01T11:04:36 IST" name="Surefire suite" finished-at="2024-08-01T11:04:58 IST" duration-ms="22007">
    <groups>
    </groups>
    <test started-at="2024-08-01T11:04:36 IST" name="Surefire test" finished-at="2024-08-01T11:04:58 IST" duration-ms="22007">
      <class name="demo.SkillrarayAssignmentTest">
        <test-method signature="logindata()[pri:0, instance:demo.SkillrarayAssignmentTest@2f177a4b]" started-at="2024-08-01T11:04:36 IST" name="logindata" finished-at="2024-08-01T11:04:58 IST" duration-ms="21957" status="PASS">
          <reporter-output>
            <line>
              <![CDATA[homepage is not displayed ]]>
            </line>
          </reporter-output>
        </test-method> <!-- logindata -->
      </class> <!-- demo.SkillrarayAssignmentTest -->
    </test> <!-- Surefire test -->
  </suite> <!-- Surefire suite -->
</testng-results>
