<?xml version="1.0" encoding="UTF-8"?>
<!-- Generated by org.testng.reporters.JUnitXMLReporter -->
<testsuite ignored="2" hostname="Shruti-pc1" failures="0" tests="2" name="Test" time="8.728" errors="0" timestamp="2024-07-30T23:57:34 IST">
  <testcase classname="bikes.KawasakiNinjaTest" name="kawasaki" time="5.378"/>
  <testcase classname="bikes.YahamaTest" name="yamaha" time="3.253"/>
  <testcase classname="bikes.BajajTest" name="bajaj" time="0.0">
    <ignored/>
  </testcase> <!-- bajaj -->
  <testcase classname="bikes.RoyalEnfieldTest" name="royal" time="0.0">
    <ignored/>
  </testcase> <!-- royal -->
</testsuite> <!-- Test -->
