<?xml version="1.0" encoding="UTF-8"?>
<testng-results ignored="0" total="1" passed="1" failed="0" skipped="0">
  <reporter-output>
  </reporter-output>
  <suite started-at="2024-08-09T12:29:08 IST" name="Default suite" finished-at="2024-08-09T12:30:29 IST" duration-ms="81408">
    <groups>
    </groups>
    <test started-at="2024-08-09T12:29:08 IST" name="Default test" finished-at="2024-08-09T12:30:29 IST" duration-ms="81408">
      <class name="extentReports.ToAdedscreenshotIntoReport">
        <test-method signature="addScreenshot()[pri:0, instance:extentReports.ToAdedscreenshotIntoReport@f6efaab]" started-at="2024-08-09T12:29:08 IST" name="addScreenshot" finished-at="2024-08-09T12:30:29 IST" duration-ms="81324" status="PASS">
          <reporter-output>
          </reporter-output>
        </test-method> <!-- addScreenshot -->
      </class> <!-- extentReports.ToAdedscreenshotIntoReport -->
    </test> <!-- Default test -->
  </suite> <!-- Default suite -->
</testng-results>
